<?xml version="1.0" encoding="UTF-8"?>
<testsuite xmlns:xsi="http://www.w3.org/2001/XMLSchema-instance" xsi:noNamespaceSchemaLocation="https://maven.apache.org/surefire/maven-surefire-plugin/xsd/surefire-test-report.xsd" version="3.0.1" name="com.humanbooster.tdd.stringreversertest.StringReverserTest" time="0.132" tests="22" errors="0" skipped="0" failures="0">
  <properties>
    <property name="java.specification.version" value="21"/>
    <property name="sun.cpu.isalist" value="amd64"/>
    <property name="sun.jnu.encoding" value="Cp1252"/>
    <property name="java.class.path" value="C:\Users\HB\Documents\TDD\tdd\tdd\target\test-classes;C:\Users\HB\Documents\TDD\tdd\tdd\target\classes;C:\Users\HB\.m2\repository\org\junit\jupiter\junit-jupiter-api\5.11.0\junit-jupiter-api-5.11.0.jar;C:\Users\HB\.m2\repository\org\opentest4j\opentest4j\1.3.0\opentest4j-1.3.0.jar;C:\Users\HB\.m2\repository\org\junit\platform\junit-platform-commons\1.11.0\junit-platform-commons-1.11.0.jar;C:\Users\HB\.m2\repository\org\apiguardian\apiguardian-api\1.1.2\apiguardian-api-1.1.2.jar;C:\Users\HB\.m2\repository\org\junit\jupiter\junit-jupiter-params\5.11.0\junit-jupiter-params-5.11.0.jar;"/>
    <property name="java.vm.vendor" value="Eclipse Adoptium"/>
    <property name="sun.arch.data.model" value="64"/>
    <property name="user.variant" value=""/>
    <property name="java.vendor.url" value="https://adoptium.net/"/>
    <property name="user.timezone" value="Europe/Paris"/>
    <property name="os.name" value="Windows 10"/>
    <property name="java.vm.specification.version" value="21"/>
    <property name="sun.java.launcher" value="SUN_STANDARD"/>
    <property name="user.country" value="FR"/>
    <property name="sun.boot.library.path" value="C:\Program Files\Eclipse Adoptium\jdk-21.0.6.7-hotspot\bin"/>
    <property name="sun.java.command" value="C:\Users\HB\AppData\Local\Temp\surefire1117692826865686015\surefirebooter-20250604125859129_3.jar C:\Users\HB\AppData\Local\Temp\surefire1117692826865686015 2025-06-04T12-58-58_820-jvmRun1 surefire-20250604125859129_1tmp surefire_0-20250604125859129_2tmp"/>
    <property name="jdk.debug" value="release"/>
    <property name="surefire.test.class.path" value="C:\Users\HB\Documents\TDD\tdd\tdd\target\test-classes;C:\Users\HB\Documents\TDD\tdd\tdd\target\classes;C:\Users\HB\.m2\repository\org\junit\jupiter\junit-jupiter-api\5.11.0\junit-jupiter-api-5.11.0.jar;C:\Users\HB\.m2\repository\org\opentest4j\opentest4j\1.3.0\opentest4j-1.3.0.jar;C:\Users\HB\.m2\repository\org\junit\platform\junit-platform-commons\1.11.0\junit-platform-commons-1.11.0.jar;C:\Users\HB\.m2\repository\org\apiguardian\apiguardian-api\1.1.2\apiguardian-api-1.1.2.jar;C:\Users\HB\.m2\repository\org\junit\jupiter\junit-jupiter-params\5.11.0\junit-jupiter-params-5.11.0.jar;"/>
    <property name="sun.cpu.endian" value="little"/>
    <property name="user.home" value="C:\Users\HB"/>
    <property name="user.language" value="fr"/>
    <property name="java.specification.vendor" value="Oracle Corporation"/>
    <property name="java.version.date" value="2025-01-21"/>
    <property name="java.home" value="C:\Program Files\Eclipse Adoptium\jdk-21.0.6.7-hotspot"/>
    <property name="file.separator" value="\"/>
    <property name="basedir" value="C:\Users\HB\Documents\TDD\tdd\tdd"/>
    <property name="java.vm.compressedOopsMode" value="32-bit"/>
    <property name="line.separator" value="&#10;"/>
    <property name="java.vm.specification.vendor" value="Oracle Corporation"/>
    <property name="java.specification.name" value="Java Platform API Specification"/>
    <property name="surefire.real.class.path" value="C:\Users\HB\AppData\Local\Temp\surefire1117692826865686015\surefirebooter-20250604125859129_3.jar"/>
    <property name="user.script" value=""/>
    <property name="sun.management.compiler" value="HotSpot 64-Bit Tiered Compilers"/>
    <property name="java.runtime.version" value="21.0.6+7-LTS"/>
    <property name="user.name" value="HB"/>
    <property name="stdout.encoding" value="Cp1252"/>
    <property name="path.separator" value=";"/>
    <property name="os.version" value="10.0"/>
    <property name="java.runtime.name" value="OpenJDK Runtime Environment"/>
    <property name="file.encoding" value="UTF-8"/>
    <property name="java.vm.name" value="OpenJDK 64-Bit Server VM"/>
    <property name="java.vendor.version" value="Temurin-21.0.6+7"/>
    <property name="localRepository" value="C:\Users\HB\.m2\repository"/>
    <property name="java.vendor.url.bug" value="https://github.com/adoptium/adoptium-support/issues"/>
    <property name="java.io.tmpdir" value="C:\Users\HB\AppData\Local\Temp\"/>
    <property name="java.version" value="21.0.6"/>
    <property name="user.dir" value="C:\Users\HB\Documents\TDD\tdd\tdd"/>
    <property name="os.arch" value="amd64"/>
    <property name="java.vm.specification.name" value="Java Virtual Machine Specification"/>
    <property name="sun.os.patch.level" value=""/>
    <property name="native.encoding" value="Cp1252"/>
    <property name="java.library.path" value="C:\Program Files\Eclipse Adoptium\jdk-21.0.6.7-hotspot\bin;C:\WINDOWS\Sun\Java\bin;C:\WINDOWS\system32;C:\WINDOWS;C:\Program Files\Eclipse Adoptium\jdk-21.0.6.7-hotspot\bin;C:\Program Files\Common Files\Oracle\Java\javapath;C:\Program Files (x86)\Embarcadero\Studio\23.0\bin;C:\Users\Public\Documents\Embarcadero\Studio\23.0\Bpl;C:\Program Files (x86)\Embarcadero\Studio\23.0\bin64;C:\Users\Public\Documents\Embarcadero\Studio\23.0\Bpl\Win64;C:\Program Files (x86)\Common Files\Oracle\Java\java8path;C:\Program Files (x86)\Common Files\Oracle\Java\javapath;C:\WINDOWS\system32;C:\WINDOWS;C:\WINDOWS\System32\Wbem;C:\WINDOWS\System32\WindowsPowerShell\v1.0\;C:\WINDOWS\System32\OpenSSH\;C:\Program Files\Git\cmd;C:\wamp64\bin\php\php8.1.31;C:\ProgramData\ComposerSetup\bin;C:\Program Files\Go\bin;C:\Program Files\nodejs\;C:\ProgramData\chocolatey\bin;C:\Program Files\Docker\Docker\resources\bin;C:\Users\HB\scoop\apps\maven\current\bin;C:\Users\HB\AppData\Local\Programs\Python\Python313\Scripts\;C:\Users\HB\AppData\Local\Programs\Python\Python313\;C:\Users\HB\scoop\shims;C:\Users\HB\AppData\Local\Microsoft\WindowsApps;C:\Users\HB\AppData\Local\Programs\Microsoft VS Code\bin;C:\Program Files\JetBrains\PhpStorm 2024.3.3\bin;;C:\Users\HB\AppData\Roaming\Composer\vendor\bin;C:\Users\HB\go\bin;C:\Users\HB\AppData\Roaming\npm;C:\ProgramData\mingw64\mingw64\bin;c:\Users\HB\AppData\Roaming\Code\User\globalStorage\github.copilot-chat\debugCommand;."/>
    <property name="java.vm.info" value="mixed mode, sharing"/>
    <property name="stderr.encoding" value="Cp1252"/>
    <property name="java.vendor" value="Eclipse Adoptium"/>
    <property name="java.vm.version" value="21.0.6+7-LTS"/>
    <property name="sun.io.unicode.encoding" value="UnicodeLittle"/>
    <property name="java.class.version" value="65.0"/>
  </properties>
  <testcase name="newLine_should_return_newLine" classname="com.humanbooster.tdd.stringreversertest.StringReverserTest" time="0.016"/>
  <testcase name="multiple_character_with_newline_at_the_begining_and_the_end_should_return_reversed_string_with_newline" classname="com.humanbooster.tdd.stringreversertest.StringReverserTest" time="0.002"/>
  <testcase name="cr_should_return_cr" classname="com.humanbooster.tdd.stringreversertest.StringReverserTest" time="0.002"/>
  <testcase name="null_should_return_null" classname="com.humanbooster.tdd.stringreversertest.StringReverserTest" time="0.001"/>
  <testcase name="multiple_character_with_tab_at_the_end_should_return_reversed_string_with_tab" classname="com.humanbooster.tdd.stringreversertest.StringReverserTest" time="0.002"/>
  <testcase name="multiple_character_with_tab_at_the_begining_and_the_end_should_return_reversed_string_with_tab" classname="com.humanbooster.tdd.stringreversertest.StringReverserTest" time="0.02"/>
  <testcase name="empty_string_should_return_empty_string" classname="com.humanbooster.tdd.stringreversertest.StringReverserTest" time="0.003"/>
  <testcase name="multiple_character_with_newline_at_begining_should_return_reversed_string_with_newline" classname="com.humanbooster.tdd.stringreversertest.StringReverserTest" time="0.001"/>
  <testcase name="multiple_character_with_newline_at_the_end_should_return_reversed_string_with_newline" classname="com.humanbooster.tdd.stringreversertest.StringReverserTest" time="0.003"/>
  <testcase name="multiple_character_with_cr_at_the_begining_and_the_end_should_return_reversed_string_with_cr" classname="com.humanbooster.tdd.stringreversertest.StringReverserTest" time="0.002"/>
  <testcase name="multiple_character_with_cr_at_the_begining_and_the_end_and_middle_should_return_reversed_string_with_cr" classname="com.humanbooster.tdd.stringreversertest.StringReverserTest" time="0.001"/>
  <testcase name="multiple_characters_should_return_reversed_string" classname="com.humanbooster.tdd.stringreversertest.StringReverserTest" time="0.002"/>
  <testcase name="single_character_should_return_same_character" classname="com.humanbooster.tdd.stringreversertest.StringReverserTest" time="0.002"/>
  <testcase name="multiple_character_with_tab_at_begining_should_return_reversed_string_with_tab" classname="com.humanbooster.tdd.stringreversertest.StringReverserTest" time="0.004"/>
  <testcase name="multiple_character_with_newline_at_the_begining_and_the_end_and_middle_should_return_reversed_string_with_newline" classname="com.humanbooster.tdd.stringreversertest.StringReverserTest" time="0.003"/>
  <testcase name="tab_should_return_tab" classname="com.humanbooster.tdd.stringreversertest.StringReverserTest" time="0.002"/>
  <testcase name="multiple_character_with_cr_in_middle_should_return_reversed_string_with_cr" classname="com.humanbooster.tdd.stringreversertest.StringReverserTest" time="0.002"/>
  <testcase name="multiple_character_with_tab_at_the_begining_and_the_end_and_middle_should_return_reversed_string_with_tab" classname="com.humanbooster.tdd.stringreversertest.StringReverserTest" time="0.004"/>
  <testcase name="multiple_character_with_newline_in_middle_should_return_reversed_string_with_newline" classname="com.humanbooster.tdd.stringreversertest.StringReverserTest" time="0.001"/>
  <testcase name="multiple_character_with_tab_in_middle_should_return_reversed_string_with_tab" classname="com.humanbooster.tdd.stringreversertest.StringReverserTest" time="0.001"/>
  <testcase name="multiple_character_with_cr_at_the_end_should_return_reversed_string_with_cr" classname="com.humanbooster.tdd.stringreversertest.StringReverserTest" time="0.001"/>
  <testcase name="multiple_character_with_cr_at_begining_should_return_reversed_string_with_cr" classname="com.humanbooster.tdd.stringreversertest.StringReverserTest" time="0.001"/>
</testsuite>